<?xml version="1.0" encoding="UTF-8"?>
<testng-results ignored="0" total="1" passed="1" failed="0" skipped="0">
  <reporter-output>
  </reporter-output>
  <suite started-at="2019-11-27T00:59:06Z" name="Default suite" finished-at="2019-11-27T00:59:12Z" duration-ms="6017">
    <groups>
    </groups>
    <test started-at="2019-11-27T00:59:06Z" name="Default test" finished-at="2019-11-27T00:59:12Z" duration-ms="6017">
      <class name="newpackage.firstTestNGBeforeAfter">
        <test-method is-config="true" signature="launchBrowser()[pri:0, instance:newpackage.firstTestNGBeforeAfter@5f8edcc5]" started-at="2019-11-27T00:59:06Z" name="launchBrowser" finished-at="2019-11-27T00:59:12Z" duration-ms="5803" status="PASS">
          <reporter-output>
          </reporter-output>
        </test-method> <!-- launchBrowser -->
        <test-method signature="verifyHomepageTitle()[pri:0, instance:newpackage.firstTestNGBeforeAfter@5f8edcc5]" started-at="2019-11-27T00:59:12Z" name="verifyHomepageTitle" finished-at="2019-11-27T00:59:12Z" duration-ms="18" status="PASS">
          <reporter-output>
          </reporter-output>
        </test-method> <!-- verifyHomepageTitle -->
        <test-method is-config="true" signature="terminateBrowser()[pri:0, instance:newpackage.firstTestNGBeforeAfter@5f8edcc5]" started-at="2019-11-27T00:59:12Z" name="terminateBrowser" finished-at="2019-11-27T00:59:12Z" duration-ms="173" status="PASS">
          <reporter-output>
          </reporter-output>
        </test-method> <!-- terminateBrowser -->
      </class> <!-- newpackage.firstTestNGBeforeAfter -->
    </test> <!-- Default test -->
  </suite> <!-- Default suite -->
</testng-results>
